#-----------------------------------------------------------
# Vivado v2018.2 (64-bit)
# SW Build 2258646 on Thu Jun 14 20:03:12 MDT 2018
# IP Build 2256618 on Thu Jun 14 22:10:49 MDT 2018
# Start of session at: Wed May 21 20:04:32 2025
# Process ID: 9296
# Current directory: C:/Users/ifaaz/Desktop/Lab DIGITAL SYSTEM DESIGN/22-cp-47 CEP/solution
# Command line: vivado.exe -gui_launcher_event rodinguilauncherevent15836 C:\Users\ifaaz\Desktop\Lab DIGITAL SYSTEM DESIGN\22-cp-47 CEP\solution\solution.xpr
# Log file: C:/Users/ifaaz/Desktop/Lab DIGITAL SYSTEM DESIGN/22-cp-47 CEP/solution/vivado.log
# Journal file: C:/Users/ifaaz/Desktop/Lab DIGITAL SYSTEM DESIGN/22-cp-47 CEP/solution\vivado.jou
#-----------------------------------------------------------
start_gui
open_project {C:/Users/ifaaz/Desktop/Lab DIGITAL SYSTEM DESIGN/22-cp-47 CEP/solution/solution.xpr}
CRITICAL WARNING: [Project 1-19] Could not find the file 'C:/Users/ifaaz/Desktop/Lab DIGITAL SYSTEM DESIGN/22-cp-47 CEP/solution/solution.srcs/sources_1/new/mips_processor.v'.
CRITICAL WARNING: [Project 1-19] Could not find the file 'C:/Users/ifaaz/Desktop/Lab DIGITAL SYSTEM DESIGN/22-cp-47 CEP/solution/solution.srcs/constrs_1/new/mips_processor.xdc'.
Scanning sources...
Finished scanning sources
INFO: [IP_Flow 19-234] Refreshing IP repositories
INFO: [IP_Flow 19-1704] No user IP repositories specified
INFO: [IP_Flow 19-2313] Loaded Vivado IP repository 'C:/Vivado/2018.2/data/ip'.
open_project: Time (s): cpu = 00:00:15 ; elapsed = 00:00:12 . Memory (MB): peak = 864.457 ; gain = 173.457
update_compile_order -fileset sources_1
update_compile_order -fileset sources_1
update_compile_order -fileset sources_1
launch_simulation
INFO: [Vivado 12-5682] Launching behavioral simulation in 'C:/Users/ifaaz/Desktop/Lab DIGITAL SYSTEM DESIGN/22-cp-47 CEP/solution/solution.sim/sim_1/behav/xsim'
INFO: [SIM-utils-51] Simulation object is 'sim_1'
INFO: [SIM-utils-54] Inspecting design source files for 'mips_processor' in fileset 'sim_1'...
INFO: [USF-XSim-97] Finding global include files...
INFO: [USF-XSim-98] Fetching design files from 'sim_1'...
INFO: [USF-XSim-2] XSim::Compile design
INFO: [USF-XSim-61] Executing 'COMPILE and ANALYZE' step in 'C:/Users/ifaaz/Desktop/Lab DIGITAL SYSTEM DESIGN/22-cp-47 CEP/solution/solution.sim/sim_1/behav/xsim'
"xvlog --incr --relax -prj mips_processor_vlog.prj"
INFO: [USF-XSim-69] 'compile' step finished in '2' seconds
INFO: [USF-XSim-3] XSim::Elaborate design
INFO: [USF-XSim-61] Executing 'ELABORATE' step in 'C:/Users/ifaaz/Desktop/Lab DIGITAL SYSTEM DESIGN/22-cp-47 CEP/solution/solution.sim/sim_1/behav/xsim'
Vivado Simulator 2018.2
Copyright 1986-1999, 2001-2018 Xilinx, Inc. All Rights Reserved.
Running: C:/Vivado/2018.2/bin/unwrapped/win64.o/xelab.exe -wto 27bc2c2c22604b65a913835f911ab308 --incr --debug typical --relax --mt 2 -L xil_defaultlib -L unisims_ver -L unimacro_ver -L secureip --snapshot mips_processor_behav xil_defaultlib.mips_processor xil_defaultlib.glbl -log elaborate.log 
Using 2 slave threads.
Starting static elaboration
Completed static elaboration
INFO: [XSIM 43-4323] No Change in HDL. Linking previously generated obj files to create kernel
INFO: [USF-XSim-69] 'elaborate' step finished in '2' seconds
INFO: [USF-XSim-4] XSim::Simulate design
INFO: [USF-XSim-61] Executing 'SIMULATE' step in 'C:/Users/ifaaz/Desktop/Lab DIGITAL SYSTEM DESIGN/22-cp-47 CEP/solution/solution.sim/sim_1/behav/xsim'
INFO: [USF-XSim-98] *** Running xsim
   with args "mips_processor_behav -key {Behavioral:sim_1:Functional:mips_processor} -tclbatch {mips_processor.tcl} -log {simulate.log}"
INFO: [USF-XSim-8] Loading simulator feature
Vivado Simulator 2018.2
Time resolution is 1 ps
source mips_processor.tcl
# set curr_wave [current_wave_config]
# if { [string length $curr_wave] == 0 } {
#   if { [llength [get_objects]] > 0} {
#     add_wave /
#     set_property needs_save false [current_wave_config]
#   } else {
#      send_msg_id Add_Wave-1 WARNING "No top level signals found. Simulator will start without a wave window. If you want to open a wave window go to 'File->New Waveform Configuration' or type 'create_wave_config' in the TCL console."
#   }
# }
# run 1000ns
INFO: [USF-XSim-96] XSim completed. Design snapshot 'mips_processor_behav' loaded.
INFO: [USF-XSim-97] XSim simulation ran for 1000ns
launch_simulation: Time (s): cpu = 00:00:08 ; elapsed = 00:00:08 . Memory (MB): peak = 876.695 ; gain = 12.238
close [ open {C:/Users/ifaaz/Desktop/Lab DIGITAL SYSTEM DESIGN/22-cp-47 CEP/solution/solution.srcs/sources_1/new/mips_processor_tb.v} w ]
add_files {{C:/Users/ifaaz/Desktop/Lab DIGITAL SYSTEM DESIGN/22-cp-47 CEP/solution/solution.srcs/sources_1/new/mips_processor_tb.v}}
update_compile_order -fileset sources_1
update_compile_order -fileset sources_1
launch_simulation
INFO: [Vivado 12-5682] Launching behavioral simulation in 'C:/Users/ifaaz/Desktop/Lab DIGITAL SYSTEM DESIGN/22-cp-47 CEP/solution/solution.sim/sim_1/behav/xsim'
INFO: [SIM-utils-51] Simulation object is 'sim_1'
INFO: [SIM-utils-54] Inspecting design source files for 'mips_processor_tb' in fileset 'sim_1'...
INFO: [USF-XSim-97] Finding global include files...
INFO: [USF-XSim-98] Fetching design files from 'sim_1'...
INFO: [USF-XSim-2] XSim::Compile design
INFO: [USF-XSim-61] Executing 'COMPILE and ANALYZE' step in 'C:/Users/ifaaz/Desktop/Lab DIGITAL SYSTEM DESIGN/22-cp-47 CEP/solution/solution.sim/sim_1/behav/xsim'
"xvlog --incr --relax -prj mips_processor_tb_vlog.prj"
INFO: [VRFC 10-2263] Analyzing Verilog file "C:/Users/ifaaz/Desktop/Lab DIGITAL SYSTEM DESIGN/22-cp-47 CEP/solution/solution.srcs/sources_1/new/mips_processor_tb.v" into library xil_defaultlib
INFO: [VRFC 10-311] analyzing module mips_processor_tb
WARNING: [VRFC 10-2019] loop variable declaration is not allowed in this mode of verilog [C:/Users/ifaaz/Desktop/Lab DIGITAL SYSTEM DESIGN/22-cp-47 CEP/solution/solution.srcs/sources_1/new/mips_processor_tb.v:77]
INFO: [USF-XSim-69] 'compile' step finished in '4' seconds
INFO: [USF-XSim-3] XSim::Elaborate design
INFO: [USF-XSim-61] Executing 'ELABORATE' step in 'C:/Users/ifaaz/Desktop/Lab DIGITAL SYSTEM DESIGN/22-cp-47 CEP/solution/solution.sim/sim_1/behav/xsim'
Vivado Simulator 2018.2
Copyright 1986-1999, 2001-2018 Xilinx, Inc. All Rights Reserved.
Running: C:/Vivado/2018.2/bin/unwrapped/win64.o/xelab.exe -wto 27bc2c2c22604b65a913835f911ab308 --incr --debug typical --relax --mt 2 -L xil_defaultlib -L unisims_ver -L unimacro_ver -L secureip --snapshot mips_processor_tb_behav xil_defaultlib.mips_processor_tb xil_defaultlib.glbl -log elaborate.log 
Using 2 slave threads.
Starting static elaboration
Completed static elaboration
Starting simulation data flow analysis
WARNING: [XSIM 43-4099] "C:/Users/ifaaz/Desktop/Lab DIGITAL SYSTEM DESIGN/22-cp-47 CEP/solution/solution.srcs/sources_1/new/mips_processor.v" Line 2. Module mips_processor doesn't have a timescale but at least one module in design has a timescale.
WARNING: [XSIM 43-4099] "C:/Users/ifaaz/Desktop/Lab DIGITAL SYSTEM DESIGN/22-cp-47 CEP/solution/solution.srcs/sources_1/new/instruction_memory.v" Line 3. Module instruction_memory doesn't have a timescale but at least one module in design has a timescale.
WARNING: [XSIM 43-4099] "C:/Users/ifaaz/Desktop/Lab DIGITAL SYSTEM DESIGN/22-cp-47 CEP/solution/solution.srcs/sources_1/new/control_unit.v" Line 2. Module control_unit doesn't have a timescale but at least one module in design has a timescale.
WARNING: [XSIM 43-4099] "C:/Users/ifaaz/Desktop/Lab DIGITAL SYSTEM DESIGN/22-cp-47 CEP/solution/solution.srcs/sources_1/new/register_file.v" Line 2. Module register_file doesn't have a timescale but at least one module in design has a timescale.
WARNING: [XSIM 43-4099] "C:/Users/ifaaz/Desktop/Lab DIGITAL SYSTEM DESIGN/22-cp-47 CEP/solution/solution.srcs/sources_1/new/register_file.v" Line 2. Module register_file doesn't have a timescale but at least one module in design has a timescale.
WARNING: [XSIM 43-4099] "C:/Users/ifaaz/Desktop/Lab DIGITAL SYSTEM DESIGN/22-cp-47 CEP/solution/solution.srcs/sources_1/new/alu.v" Line 2. Module alu doesn't have a timescale but at least one module in design has a timescale.
WARNING: [XSIM 43-4099] "C:/Users/ifaaz/Desktop/Lab DIGITAL SYSTEM DESIGN/22-cp-47 CEP/solution/solution.srcs/sources_1/new/data_memory.v" Line 2. Module data_memory doesn't have a timescale but at least one module in design has a timescale.
WARNING: [XSIM 43-4099] "C:/Users/ifaaz/Desktop/Lab DIGITAL SYSTEM DESIGN/22-cp-47 CEP/solution/solution.srcs/sources_1/new/seven_segment_display.v" Line 2. Module seven_segment_display doesn't have a timescale but at least one module in design has a timescale.
Completed simulation data flow analysis
Time Resolution for simulation is 1ps
Compiling module xil_defaultlib.instruction_memory
Compiling module xil_defaultlib.control_unit
Compiling module xil_defaultlib.register_file
Compiling module xil_defaultlib.alu
Compiling module xil_defaultlib.data_memory
Compiling module xil_defaultlib.seven_segment_display
Compiling module xil_defaultlib.mips_processor
Compiling module xil_defaultlib.mips_processor_tb
Compiling module xil_defaultlib.glbl
Built simulation snapshot mips_processor_tb_behav

****** Webtalk v2018.2 (64-bit)
  **** SW Build 2258646 on Thu Jun 14 20:03:12 MDT 2018
  **** IP Build 2256618 on Thu Jun 14 22:10:49 MDT 2018
    ** Copyright 1986-2018 Xilinx, Inc. All Rights Reserved.

source C:/Users/ifaaz/Desktop/Lab -notrace
couldn't read file "C:/Users/ifaaz/Desktop/Lab": no such file or directory
INFO: [Common 17-206] Exiting Webtalk at Wed May 21 22:33:58 2025...
run_program: Time (s): cpu = 00:00:01 ; elapsed = 00:00:10 . Memory (MB): peak = 916.293 ; gain = 0.000
INFO: [USF-XSim-69] 'elaborate' step finished in '11' seconds
INFO: [USF-XSim-4] XSim::Simulate design
INFO: [USF-XSim-61] Executing 'SIMULATE' step in 'C:/Users/ifaaz/Desktop/Lab DIGITAL SYSTEM DESIGN/22-cp-47 CEP/solution/solution.sim/sim_1/behav/xsim'
INFO: [USF-XSim-98] *** Running xsim
   with args "mips_processor_tb_behav -key {Behavioral:sim_1:Functional:mips_processor_tb} -tclbatch {mips_processor_tb.tcl} -log {simulate.log}"
INFO: [USF-XSim-8] Loading simulator feature
Vivado Simulator 2018.2
Time resolution is 1 ps
source mips_processor_tb.tcl
# set curr_wave [current_wave_config]
# if { [string length $curr_wave] == 0 } {
#   if { [llength [get_objects]] > 0} {
#     add_wave /
#     set_property needs_save false [current_wave_config]
#   } else {
#      send_msg_id Add_Wave-1 WARNING "No top level signals found. Simulator will start without a wave window. If you want to open a wave window go to 'File->New Waveform Configuration' or type 'create_wave_config' in the TCL console."
#   }
# }
# run 1000ns
Time: 0 | PC: 00000000 | Instr: 20080005 | ALU Result: 00000005 | LED: 0000000000000010
Time: 10000 | PC: 00000000 | Instr: 20080005 | ALU Result: 00000005 | LED: 0000000000000001
Time: 15000 | PC: 00000004 | Instr: 2009000a | ALU Result: 0000000a | LED: 0000000000000001
Time: 25000 | PC: 00000008 | Instr: 01095020 | ALU Result: 0000000f | LED: 0000000000000001
Time: 35000 | PC: 0000000c | Instr: 01095022 | ALU Result: fffffffb | LED: 0000000000000001
Time: 45000 | PC: 00000010 | Instr: 01095024 | ALU Result: 00000000 | LED: 0000000000000001
Time: 55000 | PC: 00000014 | Instr: 01095025 | ALU Result: 0000000f | LED: 0000000000000001
Time: 65000 | PC: 00000018 | Instr: 0109502a | ALU Result: 00000001 | LED: 0000000000000001
Time: 75000 | PC: 0000001c | Instr: 200a000f | ALU Result: 0000000f | LED: 0000000000000001
Time: 85000 | PC: 00000020 | Instr: ac0a0000 | ALU Result: 00000000 | LED: 0000000000000001
Time: 95000 | PC: 00000024 | Instr: 8c0b0000 | ALU Result: 00000000 | LED: 0000000000000001
Time: 105000 | PC: 00000028 | Instr: 11090002 | ALU Result: fffffffb | LED: 0000000000000001
Time: 115000 | PC: 0000002c | Instr: 08000000 | ALU Result: 00000000 | LED: 0000000000000001
Time: 125000 | PC: 00000000 | Instr: 20080005 | ALU Result: 00000005 | LED: 0000000000000001
Time: 135000 | PC: 00000004 | Instr: 2009000a | ALU Result: 0000000a | LED: 0000000000000001
Time: 145000 | PC: 00000008 | Instr: 01095020 | ALU Result: 0000000f | LED: 0000000000000001
Time: 155000 | PC: 0000000c | Instr: 01095022 | ALU Result: fffffffb | LED: 0000000000000001
Time: 165000 | PC: 00000010 | Instr: 01095024 | ALU Result: 00000000 | LED: 0000000000000001
Time: 175000 | PC: 00000014 | Instr: 01095025 | ALU Result: 0000000f | LED: 0000000000000001
Time: 185000 | PC: 00000018 | Instr: 0109502a | ALU Result: 00000001 | LED: 0000000000000001
Time: 195000 | PC: 0000001c | Instr: 200a000f | ALU Result: 0000000f | LED: 0000000000000001
Time: 205000 | PC: 00000020 | Instr: ac0a0000 | ALU Result: 00000000 | LED: 0000000000000001
Time: 215000 | PC: 00000024 | Instr: 8c0b0000 | ALU Result: 00000000 | LED: 0000000000000001
Time: 225000 | PC: 00000028 | Instr: 11090002 | ALU Result: fffffffb | LED: 0000000000000001
Time: 235000 | PC: 0000002c | Instr: 08000000 | ALU Result: 00000000 | LED: 0000000000000001
Time: 245000 | PC: 00000000 | Instr: 20080005 | ALU Result: 00000005 | LED: 0000000000000001
Time: 255000 | PC: 00000004 | Instr: 2009000a | ALU Result: 0000000a | LED: 0000000000000001
Time: 265000 | PC: 00000008 | Instr: 01095020 | ALU Result: 0000000f | LED: 0000000000000001
Time: 275000 | PC: 0000000c | Instr: 01095022 | ALU Result: fffffffb | LED: 0000000000000001
Time: 285000 | PC: 00000010 | Instr: 01095024 | ALU Result: 00000000 | LED: 0000000000000001
Time: 295000 | PC: 00000014 | Instr: 01095025 | ALU Result: 0000000f | LED: 0000000000000001
Time: 305000 | PC: 00000018 | Instr: 0109502a | ALU Result: 00000001 | LED: 0000000000000001
Time: 315000 | PC: 0000001c | Instr: 200a000f | ALU Result: 0000000f | LED: 0000000000000001
Time: 325000 | PC: 00000020 | Instr: ac0a0000 | ALU Result: 00000000 | LED: 0000000000000001
Time: 335000 | PC: 00000024 | Instr: 8c0b0000 | ALU Result: 00000000 | LED: 0000000000000001
Time: 345000 | PC: 00000028 | Instr: 11090002 | ALU Result: fffffffb | LED: 0000000000000001
Time: 355000 | PC: 0000002c | Instr: 08000000 | ALU Result: 00000000 | LED: 0000000000000001
Time: 365000 | PC: 00000000 | Instr: 20080005 | ALU Result: 00000005 | LED: 0000000000000001
Time: 375000 | PC: 00000004 | Instr: 2009000a | ALU Result: 0000000a | LED: 0000000000000001
Time: 385000 | PC: 00000008 | Instr: 01095020 | ALU Result: 0000000f | LED: 0000000000000001
Time: 395000 | PC: 0000000c | Instr: 01095022 | ALU Result: fffffffb | LED: 0000000000000001
Time: 405000 | PC: 00000010 | Instr: 01095024 | ALU Result: 00000000 | LED: 0000000000000001
Time: 415000 | PC: 00000014 | Instr: 01095025 | ALU Result: 0000000f | LED: 0000000000000001
Time: 425000 | PC: 00000018 | Instr: 0109502a | ALU Result: 00000001 | LED: 0000000000000001
Time: 435000 | PC: 0000001c | Instr: 200a000f | ALU Result: 0000000f | LED: 0000000000000001
Time: 445000 | PC: 00000020 | Instr: ac0a0000 | ALU Result: 00000000 | LED: 0000000000000001
Time: 455000 | PC: 00000024 | Instr: 8c0b0000 | ALU Result: 00000000 | LED: 0000000000000001
Time: 465000 | PC: 00000028 | Instr: 11090002 | ALU Result: fffffffb | LED: 0000000000000001
Time: 475000 | PC: 0000002c | Instr: 08000000 | ALU Result: 00000000 | LED: 0000000000000001
Time: 485000 | PC: 00000000 | Instr: 20080005 | ALU Result: 00000005 | LED: 0000000000000001
Time: 495000 | PC: 00000004 | Instr: 2009000a | ALU Result: 0000000a | LED: 0000000000000001
Time: 505000 | PC: 00000008 | Instr: 01095020 | ALU Result: 0000000f | LED: 0000000000000001
Time: 515000 | PC: 0000000c | Instr: 01095022 | ALU Result: fffffffb | LED: 0000000000000001
Time: 525000 | PC: 00000010 | Instr: 01095024 | ALU Result: 00000000 | LED: 0000000000000001
Time: 535000 | PC: 00000014 | Instr: 01095025 | ALU Result: 0000000f | LED: 0000000000000001
Time: 545000 | PC: 00000018 | Instr: 0109502a | ALU Result: 00000001 | LED: 0000000000000001
Time: 555000 | PC: 0000001c | Instr: 200a000f | ALU Result: 0000000f | LED: 0000000000000001
Time: 565000 | PC: 00000020 | Instr: ac0a0000 | ALU Result: 00000000 | LED: 0000000000000001
Time: 575000 | PC: 00000024 | Instr: 8c0b0000 | ALU Result: 00000000 | LED: 0000000000000001
Time: 585000 | PC: 00000028 | Instr: 11090002 | ALU Result: fffffffb | LED: 0000000000000001
Time: 595000 | PC: 0000002c | Instr: 08000000 | ALU Result: 00000000 | LED: 0000000000000001
Time: 605000 | PC: 00000000 | Instr: 20080005 | ALU Result: 00000005 | LED: 0000000000000001
Time: 615000 | PC: 00000004 | Instr: 2009000a | ALU Result: 0000000a | LED: 0000000000000001
Time: 625000 | PC: 00000008 | Instr: 01095020 | ALU Result: 0000000f | LED: 0000000000000001
Time: 635000 | PC: 0000000c | Instr: 01095022 | ALU Result: fffffffb | LED: 0000000000000001
Time: 645000 | PC: 00000010 | Instr: 01095024 | ALU Result: 00000000 | LED: 0000000000000001
Time: 655000 | PC: 00000014 | Instr: 01095025 | ALU Result: 0000000f | LED: 0000000000000001
Time: 665000 | PC: 00000018 | Instr: 0109502a | ALU Result: 00000001 | LED: 0000000000000001
Time: 675000 | PC: 0000001c | Instr: 200a000f | ALU Result: 0000000f | LED: 0000000000000001
Time: 685000 | PC: 00000020 | Instr: ac0a0000 | ALU Result: 00000000 | LED: 0000000000000001
Time: 695000 | PC: 00000024 | Instr: 8c0b0000 | ALU Result: 00000000 | LED: 0000000000000001
Time: 705000 | PC: 00000028 | Instr: 11090002 | ALU Result: fffffffb | LED: 0000000000000001
Time: 715000 | PC: 0000002c | Instr: 08000000 | ALU Result: 00000000 | LED: 0000000000000001
Time: 725000 | PC: 00000000 | Instr: 20080005 | ALU Result: 00000005 | LED: 0000000000000001
Time: 735000 | PC: 00000004 | Instr: 2009000a | ALU Result: 0000000a | LED: 0000000000000001
Time: 745000 | PC: 00000008 | Instr: 01095020 | ALU Result: 0000000f | LED: 0000000000000001
Time: 755000 | PC: 0000000c | Instr: 01095022 | ALU Result: fffffffb | LED: 0000000000000001
Time: 765000 | PC: 00000010 | Instr: 01095024 | ALU Result: 00000000 | LED: 0000000000000001
Time: 775000 | PC: 00000014 | Instr: 01095025 | ALU Result: 0000000f | LED: 0000000000000001
Time: 785000 | PC: 00000018 | Instr: 0109502a | ALU Result: 00000001 | LED: 0000000000000001
Time: 795000 | PC: 0000001c | Instr: 200a000f | ALU Result: 0000000f | LED: 0000000000000001
Time: 805000 | PC: 00000020 | Instr: ac0a0000 | ALU Result: 00000000 | LED: 0000000000000001
Time: 815000 | PC: 00000024 | Instr: 8c0b0000 | ALU Result: 00000000 | LED: 0000000000000001
Time: 825000 | PC: 00000028 | Instr: 11090002 | ALU Result: fffffffb | LED: 0000000000000001
Time: 835000 | PC: 0000002c | Instr: 08000000 | ALU Result: 00000000 | LED: 0000000000000001
Time: 845000 | PC: 00000000 | Instr: 20080005 | ALU Result: 00000005 | LED: 0000000000000001
Time: 855000 | PC: 00000004 | Instr: 2009000a | ALU Result: 0000000a | LED: 0000000000000001
Time: 865000 | PC: 00000008 | Instr: 01095020 | ALU Result: 0000000f | LED: 0000000000000001
Time: 875000 | PC: 0000000c | Instr: 01095022 | ALU Result: fffffffb | LED: 0000000000000001
Time: 885000 | PC: 00000010 | Instr: 01095024 | ALU Result: 00000000 | LED: 0000000000000001
Time: 895000 | PC: 00000014 | Instr: 01095025 | ALU Result: 0000000f | LED: 0000000000000001
Time: 905000 | PC: 00000018 | Instr: 0109502a | ALU Result: 00000001 | LED: 0000000000000001
Time: 915000 | PC: 0000001c | Instr: 200a000f | ALU Result: 0000000f | LED: 0000000000000001
Time: 925000 | PC: 00000020 | Instr: ac0a0000 | ALU Result: 00000000 | LED: 0000000000000001
Time: 935000 | PC: 00000024 | Instr: 8c0b0000 | ALU Result: 00000000 | LED: 0000000000000001
Time: 945000 | PC: 00000028 | Instr: 11090002 | ALU Result: fffffffb | LED: 0000000000000001
Time: 955000 | PC: 0000002c | Instr: 08000000 | ALU Result: 00000000 | LED: 0000000000000001
Time: 965000 | PC: 00000000 | Instr: 20080005 | ALU Result: 00000005 | LED: 0000000000000001
Time: 975000 | PC: 00000004 | Instr: 2009000a | ALU Result: 0000000a | LED: 0000000000000001
Time: 985000 | PC: 00000008 | Instr: 01095020 | ALU Result: 0000000f | LED: 0000000000000001
Time: 995000 | PC: 0000000c | Instr: 01095022 | ALU Result: fffffffb | LED: 0000000000000001
INFO: [USF-XSim-96] XSim completed. Design snapshot 'mips_processor_tb_behav' loaded.
INFO: [USF-XSim-97] XSim simulation ran for 1000ns
launch_simulation: Time (s): cpu = 00:00:07 ; elapsed = 00:00:19 . Memory (MB): peak = 916.293 ; gain = 0.000
close_sim
